C:\Program Files (x86)\Microsoft Visual Studio\2017\Community\Common7\IDE\VC\VCTargets\Microsoft.CppBuild.targets(377,5): warning MSB8004: Output Directory does not end with a trailing slash.  This build instance will add the slash as it is required to allow proper evaluation of the Output Directory.
cl : Command line warning D9025: overriding '/sdl' with '/GS-'
  backtacking.cpp
  Legitbot.cpp
  Event Logs.cpp
  Aimbot.cpp
  Autowall.cpp
  LagComp.cpp
  AntiAim.cpp
  dots.cpp
  skinchanger.cpp
  Resolver.cpp
  chams.cpp
  Hooks.cpp
  DLLMain.cpp
  Menu.cpp
  cfgsaving.cpp
  CEntity.cpp
  GlobalVars.cpp
  Interfaces.cpp
  Math.cpp
  NetvarManager.cpp
  Compiling...
  ESP.cpp
  engine_prediction.cpp
LINK : warning LNK4075: ignoring '/INCREMENTAL' due to '/OPT:ICF' specification
  backtacking.obj : MSIL .netmodule or module compiled with /GL found; restarting link with /LTCG; add /LTCG to the link command line to improve linker performance
LINK : warning LNK4075: ignoring '/INCREMENTAL' due to '/LTCG' specification
  Generating code
  Finished generating code
  happy.vcxproj -> C:\Users\barry\Downloads\files\.\build\csgo-cheat.dll
